0.1480259541804025
0.014520844418232497
-0.002917599713886123
0.002281416581154345
-0.007829169135733897
-0.002509070960962334
-0.008114067819675188
-0.008279072921745644
-3.70892185758256E-4
-0.009806630220061587
0.0015105896869747925
-0.004376767785761443
-0.006906697695194938
0.002578355921971864
-0.005196453295460775
-0.0018812982432868856
4.355250740595276E-5
-0.0013053356387937188
0.0022119843118715383
0.0012817047867906277
0.017131578186254555
0.0018713054705259947
-0.007056840879439682
0.005202649194993827
-0.00867606373205673
0.013785644239729293
0.0014241842601541794
0.0032214293496095367
-7.222425364345386E-4
8.482094691852859E-4
-7.342171663901249E-4
0.03235191129434542
-1.599071812584338E-4
-0.004395372824990803
-0.006371162432485274
-0.0011206991049489176
0.004567552171761537
0.0025241580354979803
0.0038749268895291933
0.0029490289484880375
0.01084000236626386
-6.316671450615117E-4
-0.002445031309819407
0.0022516918368207387
0.0018843382555828031
8.868277025391883E-4
5.719700019419752E-4
0.006570480157447527
0.021829315101479625
0.04019293658638092
0.008567431894384596
0.07494634151722578
0.03606554734630716
-0.003140627506779506
-0.01251131968543127
0.2039746032453475
